<?xml version="1.0" encoding="UTF-8"?>
<!-- Generated by org.testng.reporters.JUnitReportReporter -->
<testsuite hostname="DESKTOP-ECSS8QS" failures="0" tests="1" name="arka.testcases.Login" time="4.674" errors="0" timestamp="2023-10-04T13:56:41 IST" skipped="0">
  <testcase classname="arka.testcases.Login" name="loginWithValidCredentials" time="4.674"/>
</testsuite> <!-- arka.testcases.Login -->
