<?xml version="1.0" encoding="UTF-8"?>
<!-- Generated by org.testng.reporters.JUnitReportReporter -->
<testsuite hostname="DESKTOP-ECSS8QS" failures="0" tests="1" name="arka.testcases.Login" time="73.618" errors="0" timestamp="2023-10-05T23:05:57 IST" skipped="0">
  <testcase classname="arka.testcases.Login" name="addNewLead" time="73.618"/>
</testsuite> <!-- arka.testcases.Login -->
