<?xml version="1.0" encoding="UTF-8"?>
<!-- Generated by org.testng.reporters.JUnitReportReporter -->
<testsuite hostname="DESKTOP-ECSS8QS" failures="0" tests="1" name="arka.testcases.Login" time="82.465" errors="0" timestamp="2023-10-06T11:28:31 IST" skipped="0">
  <testcase classname="arka.testcases.Login" name="addNewLead" time="82.465"/>
</testsuite> <!-- arka.testcases.Login -->
