<?xml version="1.0" encoding="UTF-8"?>
<!-- Generated by org.testng.reporters.JUnitReportReporter -->
<testsuite hostname="DESKTOP-ECSS8QS" failures="0" tests="1" name="arka.testcases.Login" time="51.774" errors="0" timestamp="2023-10-03T18:16:48 IST" skipped="0">
  <testcase classname="arka.testcases.Login" name="addNewLead" time="51.774"/>
</testsuite> <!-- arka.testcases.Login -->
