<?xml version="1.0" encoding="UTF-8"?>
<!-- Generated by org.testng.reporters.JUnitReportReporter -->
<testsuite hostname="DESKTOP-ECSS8QS" failures="0" tests="3" name="arka.testcases.Login" time="102.442" errors="0" timestamp="2023-10-04T14:10:55 IST" skipped="0">
  <testcase classname="arka.testcases.Login" name="addNewLead" time="44.412"/>
  <testcase classname="arka.testcases.Login" name="addTask" time="41.750"/>
  <testcase classname="arka.testcases.Login" name="loginWithValidCredentials" time="16.280"/>
</testsuite> <!-- arka.testcases.Login -->
