<?xml version="1.0" encoding="UTF-8"?>
<!-- Generated by org.testng.reporters.JUnitReportReporter -->
<testsuite hostname="DESKTOP-ECSS8QS" failures="0" tests="1" name="arka.testcases.Login" time="93.536" errors="0" timestamp="2023-10-05T23:22:15 IST" skipped="0">
  <testcase classname="arka.testcases.Login" name="addNewLead" time="93.536"/>
</testsuite> <!-- arka.testcases.Login -->
